I, [2019-02-18T12:11:37.368991 #5645]  INFO -- default-ubuntu-1604: -----> Converging <default-ubuntu-1604>...
I, [2019-02-18T12:11:37.369762 #5645]  INFO -- default-ubuntu-1604: Preparing files for transfer
I, [2019-02-18T12:11:37.369942 #5645]  INFO -- default-ubuntu-1604: Preparing playbook
I, [2019-02-18T12:11:37.370485 #5645]  INFO -- default-ubuntu-1604: Preparing inventory
I, [2019-02-18T12:11:37.370550 #5645]  INFO -- default-ubuntu-1604: Preparing modules
I, [2019-02-18T12:11:37.370808 #5645]  INFO -- default-ubuntu-1604: nothing to do for modules
I, [2019-02-18T12:11:37.370887 #5645]  INFO -- default-ubuntu-1604: Preparing roles
I, [2019-02-18T12:11:37.384372 #5645]  INFO -- default-ubuntu-1604: Preparing ansible.cfg file
I, [2019-02-18T12:11:37.384633 #5645]  INFO -- default-ubuntu-1604: Empty ansible.cfg generated
I, [2019-02-18T12:11:37.384884 #5645]  INFO -- default-ubuntu-1604: Preparing group_vars
I, [2019-02-18T12:11:37.385256 #5645]  INFO -- default-ubuntu-1604: nothing to do for group_vars
I, [2019-02-18T12:11:37.385347 #5645]  INFO -- default-ubuntu-1604: Preparing additional_copy_path
I, [2019-02-18T12:11:37.385562 #5645]  INFO -- default-ubuntu-1604: Preparing host_vars
I, [2019-02-18T12:11:37.385872 #5645]  INFO -- default-ubuntu-1604: nothing to do for host_vars
I, [2019-02-18T12:11:37.385958 #5645]  INFO -- default-ubuntu-1604: Preparing hosts file
I, [2019-02-18T12:11:37.386319 #5645]  INFO -- default-ubuntu-1604: Preparing spec
I, [2019-02-18T12:11:37.386525 #5645]  INFO -- default-ubuntu-1604: nothing to do for spec
I, [2019-02-18T12:11:37.386594 #5645]  INFO -- default-ubuntu-1604: Preparing library plugins
I, [2019-02-18T12:11:37.387155 #5645]  INFO -- default-ubuntu-1604: nothing to do for library plugins
I, [2019-02-18T12:11:37.387347 #5645]  INFO -- default-ubuntu-1604: Preparing callback plugins
I, [2019-02-18T12:11:37.387787 #5645]  INFO -- default-ubuntu-1604: nothing to do for callback plugins
I, [2019-02-18T12:11:37.387912 #5645]  INFO -- default-ubuntu-1604: Preparing filter_plugins
I, [2019-02-18T12:11:37.388237 #5645]  INFO -- default-ubuntu-1604: nothing to do for filter_plugins
I, [2019-02-18T12:11:37.388300 #5645]  INFO -- default-ubuntu-1604: Preparing lookup_plugins
I, [2019-02-18T12:11:37.388679 #5645]  INFO -- default-ubuntu-1604: nothing to do for lookup_plugins
I, [2019-02-18T12:11:37.388823 #5645]  INFO -- default-ubuntu-1604: Preparing ansible vault password
I, [2019-02-18T12:11:37.389007 #5645]  INFO -- default-ubuntu-1604: Preparing additional_ssh_private_keys
I, [2019-02-18T12:11:37.389167 #5645]  INFO -- default-ubuntu-1604: nothing to do for additional_ssh_private_keys
I, [2019-02-18T12:11:37.389241 #5645]  INFO -- default-ubuntu-1604: Finished Preparing files for transfer
I, [2019-02-18T12:11:37.389708 #5645]  INFO -- default-ubuntu-1604: Installing ansible, will try to determine platform os
I, [2019-02-18T12:11:37.804747 #5645]  INFO -- default-ubuntu-1604: Transferring files to <default-ubuntu-1604>
I, [2019-02-18T12:11:38.337296 #5645]  INFO -- default-ubuntu-1604: [0;34mUsing /etc/ansible/ansible.cfg as config file[0m
I, [2019-02-18T12:11:38.346634 #5645]  INFO -- default-ubuntu-1604: [0;34m/tmp/kitchen/hosts did not meet host_list requirements, check plugin documentation if this is unexpected[0m
I, [2019-02-18T12:11:38.347226 #5645]  INFO -- default-ubuntu-1604: [0;34m/tmp/kitchen/hosts did not meet script requirements, check plugin documentation if this is unexpected[0m
I, [2019-02-18T12:11:38.594769 #5645]  INFO -- default-ubuntu-1604: 
I, [2019-02-18T12:11:38.595286 #5645]  INFO -- default-ubuntu-1604: PLAY [all] *********************************************************************
I, [2019-02-18T12:11:38.608844 #5645]  INFO -- default-ubuntu-1604: 
I, [2019-02-18T12:11:38.609129 #5645]  INFO -- default-ubuntu-1604: TASK [Gathering Facts] *********************************************************
I, [2019-02-18T12:11:40.494868 #5645]  INFO -- default-ubuntu-1604: [0;32mok: [localhost][0m
I, [2019-02-18T12:11:40.569955 #5645]  INFO -- default-ubuntu-1604: 
I, [2019-02-18T12:11:40.570607 #5645]  INFO -- default-ubuntu-1604: TASK [hello_web : Install Web Service] *****************************************
I, [2019-02-18T12:11:41.443658 #5645]  INFO -- default-ubuntu-1604: [0;32mok: [localhost] => {"cache_update_time": 1550480179, "cache_updated": false, "changed": false}[0m
I, [2019-02-18T12:11:41.513862 #5645]  INFO -- default-ubuntu-1604: 
I, [2019-02-18T12:11:41.514240 #5645]  INFO -- default-ubuntu-1604: TASK [hello_web : Start Web Service] *******************************************
I, [2019-02-18T12:11:41.875643 #5645]  INFO -- default-ubuntu-1604: [0;32mok: [localhost] => {"changed": false, "enabled": true, "name": "apache2", "state": "started", "status": {"ActiveEnterTimestamp": "Mon 2019-02-18 08:56:53 UTC", "ActiveEnterTimestampMonotonic": "294968650", "ActiveExitTimestampMonotonic": "0", "ActiveState": "active", "After": "basic.target sysinit.target local-fs.target nss-lookup.target remote-fs.target systemd-journald.socket systemd-journald-dev-log.socket system.slice network-online.target", "AllowIsolate": "no", "AmbientCapabilities": "0", "AssertResult": "yes", "AssertTimestamp": "Mon 2019-02-18 08:56:52 UTC", "AssertTimestampMonotonic": "293879522", "Before": "shutdown.target multi-user.target graphical.target", "BlockIOAccounting": "no", "BlockIOWeight": "18446744073709551615", "CPUAccounting": "no", "CPUQuotaPerSecUSec": "infinity", "CPUSchedulingPolicy": "0", "CPUSchedulingPriority": "0", "CPUSchedulingResetOnFork": "no", "CPUShares": "18446744073709551615", "CPUUsageNSec": "8444635247", "CanIsolate": "no", "CanReload": "yes", "CanStart": "yes", "CanStop": "yes", "CapabilityBoundingSet": "18446744073709551615", "ConditionResult": "yes", "ConditionTimestamp": "Mon 2019-02-18 08:56:52 UTC", "ConditionTimestampMonotonic": "293879521", "Conflicts": "shutdown.target", "ControlGroup": "/system.slice/apache2.service", "ControlPID": "0", "DefaultDependencies": "yes", "Delegate": "no", "Description": "LSB: Apache2 web server", "DevicePolicy": "auto", "Documentation": "man:systemd-sysv-generator(8)", "DropInPaths": "/lib/systemd/system/apache2.service.d/apache2-systemd.conf", "ExecMainCode": "0", "ExecMainExitTimestampMonotonic": "0", "ExecMainPID": "0", "ExecMainStartTimestampMonotonic": "0", "ExecMainStatus": "0", "ExecReload": "{ path=/etc/init.d/apache2 ; argv[]=/etc/init.d/apache2 reload ; ignore_errors=no ; start_time=[n/a] ; stop_time=[n/a] ; pid=0 ; code=(null) ; status=0/0 }", "ExecStart": "{ path=/etc/init.d/apache2 ; argv[]=/etc/init.d/apache2 start ; ignore_errors=no ; start_time=[n/a] ; stop_time=[n/a] ; pid=0 ; code=(null) ; status=0/0 }", "ExecStop": "{ path=/etc/init.d/apache2 ; argv[]=/etc/init.d/apache2 stop ; ignore_errors=no ; start_time=[n/a] ; stop_time=[n/a] ; pid=0 ; code=(null) ; status=0/0 }", "FailureAction": "none", "FileDescriptorStoreMax": "0", "FragmentPath": "/run/systemd/generator.late/apache2.service", "GuessMainPID": "no", "IOScheduling": "0", "Id": "apache2.service", "IgnoreOnIsolate": "no", "IgnoreSIGPIPE": "no", "InactiveEnterTimestampMonotonic": "0", "InactiveExitTimestamp": "Mon 2019-02-18 08:56:52 UTC", "InactiveExitTimestampMonotonic": "293880135", "JobTimeoutAction": "none", "JobTimeoutUSec": "infinity", "KillMode": "process", "KillSignal": "15", "LimitAS": "18446744073709551615", "LimitASSoft": "18446744073709551615", "LimitCORE": "18446744073709551615", "LimitCORESoft": "0", "LimitCPU": "18446744073709551615", "LimitCPUSoft": "18446744073709551615", "LimitDATA": "18446744073709551615", "LimitDATASoft": "18446744073709551615", "LimitFSIZE": "18446744073709551615", "LimitFSIZESoft": "18446744073709551615", "LimitLOCKS": "18446744073709551615", "LimitLOCKSSoft": "18446744073709551615", "LimitMEMLOCK": "65536", "LimitMEMLOCKSoft": "65536", "LimitMSGQUEUE": "819200", "LimitMSGQUEUESoft": "819200", "LimitNICE": "0", "LimitNICESoft": "0", "LimitNOFILE": "4096", "LimitNOFILESoft": "1024", "LimitNPROC": "3852", "LimitNPROCSoft": "3852", "LimitRSS": "18446744073709551615", "LimitRSSSoft": "18446744073709551615", "LimitRTPRIO": "0", "LimitRTPRIOSoft": "0", "LimitRTTIME": "18446744073709551615", "LimitRTTIMESoft": "18446744073709551615", "LimitSIGPENDING": "3852", "LimitSIGPENDINGSoft": "3852", "LimitSTACK": "18446744073709551615", "LimitSTACKSoft": "8388608", "LoadState": "loaded", "MainPID": "0", "MemoryAccounting": "no", "MemoryCurrent": "3063808", "MemoryLimit": "18446744073709551615", "MountFlags": "0", "NFileDescriptorStore": "0", "Names": "apache2.service", "NeedDaemonReload": "no", "Nice": "0", "NoNewPrivileges": "no", "NonBlocking": "no", "NotifyAccess": "none", "OOMScoreAdjust": "0", "OnFailureJobMode": "replace", "PermissionsStartOnly": "no", "PrivateDevices": "no", "PrivateNetwork": "no", "PrivateTmp": "no", "ProtectHome": "no", "ProtectSystem": "no", "RefuseManualStart": "no", "RefuseManualStop": "no", "RemainAfterExit": "no", "Requires": "sysinit.target system.slice", "Restart": "no", "RestartUSec": "100ms", "Result": "success", "RootDirectoryStartOnly": "no", "RuntimeDirectoryMode": "0755", "RuntimeMaxUSec": "infinity", "SameProcessGroup": "no", "SecureBits": "0", "SendSIGHUP": "no", "SendSIGKILL": "yes", "Slice": "system.slice", "SourcePath": "/etc/init.d/apache2", "StandardError": "inherit", "StandardInput": "null", "StandardOutput": "journal", "StartLimitAction": "none", "StartLimitBurst": "5", "StartLimitInterval": "10000000", "StartupBlockIOWeight": "18446744073709551615", "StartupCPUShares": "18446744073709551615", "StateChangeTimestamp": "Mon 2019-02-18 08:56:53 UTC", "StateChangeTimestampMonotonic": "294968650", "StatusErrno": "0", "StopWhenUnneeded": "no", "SubState": "running", "SyslogFacility": "3", "SyslogLevel": "6", "SyslogLevelPrefix": "yes", "SyslogPriority": "30", "SystemCallErrorNumber": "0", "TTYReset": "no", "TTYVHangup": "no", "TTYVTDisallocate": "no", "TasksAccounting": "no", "TasksCurrent": "55", "TasksMax": "18446744073709551615", "TimeoutStartUSec": "5min", "TimeoutStopUSec": "5min", "TimerSlackNSec": "50000", "Transient": "no", "Type": "forking", "UMask": "0022", "UnitFilePreset": "enabled", "UnitFileState": "bad", "UtmpMode": "init", "WantedBy": "multi-user.target graphical.target", "Wants": "network-online.target", "WatchdogTimestamp": "Mon 2019-02-18 08:56:53 UTC", "WatchdogTimestampMonotonic": "294968615", "WatchdogUSec": "0"}}[0m
I, [2019-02-18T12:11:41.947625 #5645]  INFO -- default-ubuntu-1604: 
I, [2019-02-18T12:11:41.947926 #5645]  INFO -- default-ubuntu-1604: TASK [hello_web : Copy Content] ************************************************
I, [2019-02-18T12:11:42.299162 #5645]  INFO -- default-ubuntu-1604: [0;32mok: [localhost] => {"changed": false, "checksum": "0f09cf82ede1beee65b474caaf2f3f981ff880be", "dest": "/var/www/html/index.html", "gid": 0, "group": "root", "mode": "0644", "owner": "root", "path": "/var/www/html/index.html", "size": 59, "state": "file", "uid": 0}[0m
I, [2019-02-18T12:11:42.302511 #5645]  INFO -- default-ubuntu-1604: 
I, [2019-02-18T12:11:42.302929 #5645]  INFO -- default-ubuntu-1604: PLAY RECAP *********************************************************************
I, [2019-02-18T12:11:42.304118 #5645]  INFO -- default-ubuntu-1604: [0;32mlocalhost[0m                  : [0;32mok=4   [0m changed=0    unreachable=0    failed=0   
I, [2019-02-18T12:11:42.304179 #5645]  INFO -- default-ubuntu-1604: 
I, [2019-02-18T12:11:42.355699 #5645]  INFO -- default-ubuntu-1604: Downloading files from <default-ubuntu-1604>
I, [2019-02-18T12:11:42.363869 #5645]  INFO -- default-ubuntu-1604: Finished converging <default-ubuntu-1604> (0m4.99s).
